    52>D:\projects\misis2023f-23-check\misis2024s-23-18-elisova-a-a\prj.lab\queuelstpr\queuelstpr.cpp(173): warning C4715: 'QueueLstPr::Top': not all control paths return a value [D:\projects\misis2023f-23-check\misis2024s-23-18-elisova-a-a\build.check\prj.lab\queuelstpr\queuelstpr.vcxproj]
    52>D:\projects\misis2023f-23-check\misis2024s-23-18-elisova-a-a\prj.lab\queuelstpr\queuelstpr.cpp(195): warning C4715: 'QueueLstPr::Top': not all control paths return a value [D:\projects\misis2023f-23-check\misis2024s-23-18-elisova-a-a\build.check\prj.lab\queuelstpr\queuelstpr.vcxproj]
    63>D:\projects\misis2023f-23-check\misis2024s-23-18-elisova-a-a\prj.test\doctest.h(1476,5): warning C4805: '==': unsafe mix of type 'const L' and type 'const R' in operation [D:\projects\misis2023f-23-check\misis2024s-23-18-elisova-a-a\build.check\prj.test\test_bitset.vcxproj]
D:\projects\misis2023f-23-check\misis2024s-23-18-elisova-a-a\prj.test\doctest.h(1476,5): warning C4805:         with [D:\projects\misis2023f-23-check\misis2024s-23-18-elisova-a-a\build.check\prj.test\test_bitset.vcxproj]
D:\projects\misis2023f-23-check\misis2024s-23-18-elisova-a-a\prj.test\doctest.h(1476,5): warning C4805:         [ [D:\projects\misis2023f-23-check\misis2024s-23-18-elisova-a-a\build.check\prj.test\test_bitset.vcxproj]
D:\projects\misis2023f-23-check\misis2024s-23-18-elisova-a-a\prj.test\doctest.h(1476,5): warning C4805:             L=bool [D:\projects\misis2023f-23-check\misis2024s-23-18-elisova-a-a\build.check\prj.test\test_bitset.vcxproj]
D:\projects\misis2023f-23-check\misis2024s-23-18-elisova-a-a\prj.test\doctest.h(1476,5): warning C4805:         ] [D:\projects\misis2023f-23-check\misis2024s-23-18-elisova-a-a\build.check\prj.test\test_bitset.vcxproj]
D:\projects\misis2023f-23-check\misis2024s-23-18-elisova-a-a\prj.test\doctest.h(1476,5): warning C4805:         and [D:\projects\misis2023f-23-check\misis2024s-23-18-elisova-a-a\build.check\prj.test\test_bitset.vcxproj]
D:\projects\misis2023f-23-check\misis2024s-23-18-elisova-a-a\prj.test\doctest.h(1476,5): warning C4805:         [ [D:\projects\misis2023f-23-check\misis2024s-23-18-elisova-a-a\build.check\prj.test\test_bitset.vcxproj]
D:\projects\misis2023f-23-check\misis2024s-23-18-elisova-a-a\prj.test\doctest.h(1476,5): warning C4805:             R=int [D:\projects\misis2023f-23-check\misis2024s-23-18-elisova-a-a\build.check\prj.test\test_bitset.vcxproj]
D:\projects\misis2023f-23-check\misis2024s-23-18-elisova-a-a\prj.test\doctest.h(1476,5): warning C4805:         ] [D:\projects\misis2023f-23-check\misis2024s-23-18-elisova-a-a\build.check\prj.test\test_bitset.vcxproj]
    69>D:\projects\misis2023f-23-check\misis2024s-23-18-elisova-a-a\prj.test\vectort.h(16,2): warning C4984: 'if constexpr' is a C++17 language extension [D:\projects\misis2023f-23-check\misis2024s-23-18-elisova-a-a\build.check\prj.test\test_queuearrt.vcxproj]
    69>D:\projects\misis2023f-23-check\misis2024s-23-18-elisova-a-a\prj.test\vectort.h(26,7): warning C4984: 'if constexpr' is a C++17 language extension [D:\projects\misis2023f-23-check\misis2024s-23-18-elisova-a-a\build.check\prj.test\test_queuearrt.vcxproj]
    69>D:\projects\misis2023f-23-check\misis2024s-23-18-elisova-a-a\prj.test\vectort.h(42,7): warning C4984: 'if constexpr' is a C++17 language extension [D:\projects\misis2023f-23-check\misis2024s-23-18-elisova-a-a\build.check\prj.test\test_queuearrt.vcxproj]
    75>D:\projects\misis2023f-23-check\misis2024s-23-18-elisova-a-a\prj.test\vectort.h(16,2): warning C4984: 'if constexpr' is a C++17 language extension [D:\projects\misis2023f-23-check\misis2024s-23-18-elisova-a-a\build.check\prj.test\test_stacklstt.vcxproj]
    75>D:\projects\misis2023f-23-check\misis2024s-23-18-elisova-a-a\prj.test\vectort.h(26,7): warning C4984: 'if constexpr' is a C++17 language extension [D:\projects\misis2023f-23-check\misis2024s-23-18-elisova-a-a\build.check\prj.test\test_stacklstt.vcxproj]
    75>D:\projects\misis2023f-23-check\misis2024s-23-18-elisova-a-a\prj.test\vectort.h(42,7): warning C4984: 'if constexpr' is a C++17 language extension [D:\projects\misis2023f-23-check\misis2024s-23-18-elisova-a-a\build.check\prj.test\test_stacklstt.vcxproj]
    70>D:\projects\misis2023f-23-check\misis2024s-23-18-elisova-a-a\prj.test\vectort.h(16,2): warning C4984: 'if constexpr' is a C++17 language extension [D:\projects\misis2023f-23-check\misis2024s-23-18-elisova-a-a\build.check\prj.test\test_queuelstt.vcxproj]
    70>D:\projects\misis2023f-23-check\misis2024s-23-18-elisova-a-a\prj.test\vectort.h(26,7): warning C4984: 'if constexpr' is a C++17 language extension [D:\projects\misis2023f-23-check\misis2024s-23-18-elisova-a-a\build.check\prj.test\test_queuelstt.vcxproj]
    70>D:\projects\misis2023f-23-check\misis2024s-23-18-elisova-a-a\prj.test\vectort.h(42,7): warning C4984: 'if constexpr' is a C++17 language extension [D:\projects\misis2023f-23-check\misis2024s-23-18-elisova-a-a\build.check\prj.test\test_queuelstt.vcxproj]
    71>D:\projects\misis2023f-23-check\misis2024s-23-18-elisova-a-a\prj.test\vectort.h(16,2): warning C4984: 'if constexpr' is a C++17 language extension [D:\projects\misis2023f-23-check\misis2024s-23-18-elisova-a-a\build.check\prj.test\test_stackarrt.vcxproj]
    71>D:\projects\misis2023f-23-check\misis2024s-23-18-elisova-a-a\prj.test\vectort.h(26,7): warning C4984: 'if constexpr' is a C++17 language extension [D:\projects\misis2023f-23-check\misis2024s-23-18-elisova-a-a\build.check\prj.test\test_stackarrt.vcxproj]
    71>D:\projects\misis2023f-23-check\misis2024s-23-18-elisova-a-a\prj.test\vectort.h(42,7): warning C4984: 'if constexpr' is a C++17 language extension [D:\projects\misis2023f-23-check\misis2024s-23-18-elisova-a-a\build.check\prj.test\test_stackarrt.vcxproj]
